# JRE version: Java(TM) SE Runtime Environment (10.0.1+10) (build 10.0.1+10)
# Java VM: Java HotSpot(TM) 64-Bit Server VM (10.0.1+10, mixed mode, tiered, compressed oops, g1 gc, linux-amd64)
Heap:
 garbage-first heap   total 65536K, used 40927K [0x00000000f0000000, 0x0000000100000000)
  region size 1024K, 7 young (7168K), 2 survivors (2048K)
 Metaspace       used 57722K, capacity 59118K, committed 59520K, reserved 1103872K
  class space    used 5476K, capacity 5746K, committed 5760K, reserved 1048576K
GC Heap History (10 events):
Event: 14.035 GC heap before
{Heap before GC invocations=97 (full 0):
 garbage-first heap   total 65536K, used 52689K [0x00000000f0000000, 0x0000000100000000)
  region size 1024K, 18 young (18432K), 1 survivors (1024K)
 Metaspace       used 57135K, capacity 58504K, committed 59008K, reserved 1101824K
  class space    used 5411K, capacity 5681K, committed 5760K, reserved 1048576K
}
Event: 14.037 GC heap after
{Heap after GC invocations=98 (full 0):
 garbage-first heap   total 65536K, used 35557K [0x00000000f0000000, 0x0000000100000000)
  region size 1024K, 2 young (2048K), 2 survivors (2048K)
 Metaspace       used 57135K, capacity 58504K, committed 59008K, reserved 1101824K
  class space    used 5411K, capacity 5681K, committed 5760K, reserved 1048576K
}
Event: 14.130 GC heap before
{Heap before GC invocations=98 (full 0):
 garbage-first heap   total 65536K, used 51941K [0x00000000f0000000, 0x0000000100000000)
  region size 1024K, 18 young (18432K), 2 survivors (2048K)
 Metaspace       used 57189K, capacity 58529K, committed 59008K, reserved 1101824K
  class space    used 5418K, capacity 5684K, committed 5760K, reserved 1048576K
}
Event: 14.133 GC heap after
{Heap after GC invocations=99 (full 0):
 garbage-first heap   total 65536K, used 35709K [0x00000000f0000000, 0x0000000100000000)
  region size 1024K, 2 young (2048K), 2 survivors (2048K)
 Metaspace       used 57189K, capacity 58529K, committed 59008K, reserved 1101824K
  class space    used 5418K, capacity 5684K, committed 5760K, reserved 1048576K
}
Event: 14.205 GC heap before
{Heap before GC invocations=99 (full 0):
 garbage-first heap   total 65536K, used 53117K [0x00000000f0000000, 0x0000000100000000)
  region size 1024K, 19 young (19456K), 2 survivors (2048K)
 Metaspace       used 57228K, capacity 58601K, committed 59008K, reserved 1101824K
  class space    used 5420K, capacity 5684K, committed 5760K, reserved 1048576K
}
Event: 14.206 GC heap after
{Heap after GC invocations=100 (full 0):
 garbage-first heap   total 65536K, used 35854K [0x00000000f0000000, 0x0000000100000000)
  region size 1024K, 2 young (2048K), 2 survivors (2048K)
 Metaspace       used 57228K, capacity 58601K, committed 59008K, reserved 1101824K
  class space    used 5420K, capacity 5684K, committed 5760K, reserved 1048576K
}
Event: 14.284 GC heap before
{Heap before GC invocations=100 (full 0):
 garbage-first heap   total 65536K, used 53262K [0x00000000f0000000, 0x0000000100000000)
  region size 1024K, 19 young (19456K), 2 survivors (2048K)
 Metaspace       used 57266K, capacity 58610K, committed 59008K, reserved 1101824K
  class space    used 5424K, capacity 5684K, committed 5760K, reserved 1048576K
}
Event: 14.287 GC heap after
{Heap after GC invocations=101 (full 0):
 garbage-first heap   total 65536K, used 35871K [0x00000000f0000000, 0x0000000100000000)
  region size 1024K, 2 young (2048K), 2 survivors (2048K)
 Metaspace       used 57266K, capacity 58610K, committed 59008K, reserved 1101824K
  class space    used 5424K, capacity 5684K, committed 5760K, reserved 1048576K
}
Event: 14.371 GC heap before
{Heap before GC invocations=101 (full 0):
 garbage-first heap   total 65536K, used 54303K [0x00000000f0000000, 0x0000000100000000)
  region size 1024K, 20 young (20480K), 2 survivors (2048K)
 Metaspace       used 57367K, capacity 58708K, committed 59008K, reserved 1101824K
  class space    used 5438K, capacity 5692K, committed 5760K, reserved 1048576K
}
Event: 14.373 GC heap after
{Heap after GC invocations=102 (full 0):
 garbage-first heap   total 65536K, used 35942K [0x00000000f0000000, 0x0000000100000000)
  region size 1024K, 2 young (2048K), 2 survivors (2048K)
 Metaspace       used 57367K, capacity 58708K, committed 59008K, reserved 1101824K
  class space    used 5438K, capacity 5692K, committed 5760K, reserved 1048576K
}

