# JRE version: Java(TM) SE Runtime Environment (10.0.1+10) (build 10.0.1+10)
# Java VM: Java HotSpot(TM) 64-Bit Server VM (10.0.1+10, mixed mode, tiered, compressed oops, g1 gc, linux-amd64)
Heap:
 garbage-first heap   total 106496K, used 53976K [0x00000000f0000000, 0x0000000100000000)
  region size 1024K, 20 young (20480K), 2 survivors (2048K)
 Metaspace       used 59543K, capacity 61058K, committed 61264K, reserved 1103872K
  class space    used 5654K, capacity 5924K, committed 6016K, reserved 1048576K
GC Heap History (10 events):
Event: 1043.089 GC heap after
{Heap after GC invocations=135 (full 0):
 garbage-first heap   total 61440K, used 39569K [0x00000000f0000000, 0x0000000100000000)
  region size 1024K, 1 young (1024K), 1 survivors (1024K)
 Metaspace       used 59543K, capacity 61058K, committed 61264K, reserved 1103872K
  class space    used 5654K, capacity 5924K, committed 6016K, reserved 1048576K
}
Event: 1043.142 GC heap before
{Heap before GC invocations=135 (full 0):
 garbage-first heap   total 61440K, used 50833K [0x00000000f0000000, 0x0000000100000000)
  region size 1024K, 12 young (12288K), 1 survivors (1024K)
 Metaspace       used 59543K, capacity 61058K, committed 61264K, reserved 1103872K
  class space    used 5654K, capacity 5924K, committed 6016K, reserved 1048576K
}
Event: 1043.149 GC heap after
{Heap after GC invocations=136 (full 0):
 garbage-first heap   total 61440K, used 39519K [0x00000000f0000000, 0x0000000100000000)
  region size 1024K, 1 young (1024K), 1 survivors (1024K)
 Metaspace       used 59543K, capacity 61058K, committed 61264K, reserved 1103872K
  class space    used 5654K, capacity 5924K, committed 6016K, reserved 1048576K
}
Event: 1043.199 GC heap before
{Heap before GC invocations=136 (full 0):
 garbage-first heap   total 61440K, used 50783K [0x00000000f0000000, 0x0000000100000000)
  region size 1024K, 12 young (12288K), 1 survivors (1024K)
 Metaspace       used 59543K, capacity 61058K, committed 61264K, reserved 1103872K
  class space    used 5654K, capacity 5924K, committed 6016K, reserved 1048576K
}
Event: 1043.202 GC heap after
{Heap after GC invocations=137 (full 0):
 garbage-first heap   total 61440K, used 39611K [0x00000000f0000000, 0x0000000100000000)
  region size 1024K, 1 young (1024K), 1 survivors (1024K)
 Metaspace       used 59543K, capacity 61058K, committed 61264K, reserved 1103872K
  class space    used 5654K, capacity 5924K, committed 6016K, reserved 1048576K
}
Event: 1043.248 GC heap before
{Heap before GC invocations=137 (full 0):
 garbage-first heap   total 61440K, used 51899K [0x00000000f0000000, 0x0000000100000000)
  region size 1024K, 13 young (13312K), 1 survivors (1024K)
 Metaspace       used 59543K, capacity 61058K, committed 61264K, reserved 1103872K
  class space    used 5654K, capacity 5924K, committed 6016K, reserved 1048576K
}
Event: 1043.251 GC heap after
{Heap after GC invocations=138 (full 0):
 garbage-first heap   total 61440K, used 39575K [0x00000000f0000000, 0x0000000100000000)
  region size 1024K, 1 young (1024K), 1 survivors (1024K)
 Metaspace       used 59543K, capacity 61058K, committed 61264K, reserved 1103872K
  class space    used 5654K, capacity 5924K, committed 6016K, reserved 1048576K
}
Event: 1043.278 GC heap before
{Heap before GC invocations=138 (full 0):
 garbage-first heap   total 61440K, used 51863K [0x00000000f0000000, 0x0000000100000000)
  region size 1024K, 13 young (13312K), 1 survivors (1024K)
 Metaspace       used 59543K, capacity 61058K, committed 61264K, reserved 1103872K
  class space    used 5654K, capacity 5924K, committed 6016K, reserved 1048576K
}
Event: 1043.280 GC heap after
{Heap after GC invocations=139 (full 0):
 garbage-first heap   total 61440K, used 39692K [0x00000000f0000000, 0x0000000100000000)
  region size 1024K, 1 young (1024K), 1 survivors (1024K)
 Metaspace       used 59543K, capacity 61058K, committed 61264K, reserved 1103872K
  class space    used 5654K, capacity 5924K, committed 6016K, reserved 1048576K
}
Event: 1043.291 GC heap before
{Heap before GC invocations=139 (full 0):
 garbage-first heap   total 61440K, used 51980K [0x00000000f0000000, 0x0000000100000000)
  region size 1024K, 13 young (13312K), 1 survivors (1024K)
 Metaspace       used 59543K, capacity 61058K, committed 61264K, reserved 1103872K
  class space    used 5654K, capacity 5924K, committed 6016K, reserved 1048576K
}

