# JRE version: Java(TM) SE Runtime Environment (10.0.1+10) (build 10.0.1+10)
# Java VM: Java HotSpot(TM) 64-Bit Server VM (10.0.1+10, mixed mode, tiered, compressed oops, g1 gc, linux-amd64)
Heap:
 garbage-first heap   total 68608K, used 55746K [0x00000000f0000000, 0x0000000100000000)
  region size 1024K, 22 young (22528K), 2 survivors (2048K)
 Metaspace       used 58960K, capacity 60464K, committed 60752K, reserved 1103872K
  class space    used 5607K, capacity 5904K, committed 6016K, reserved 1048576K
GC Heap History (10 events):
Event: 18.484 GC heap before
{Heap before GC invocations=100 (full 0):
 garbage-first heap   total 68608K, used 56508K [0x00000000f0000000, 0x0000000100000000)
  region size 1024K, 23 young (23552K), 3 survivors (3072K)
 Metaspace       used 58347K, capacity 59811K, committed 60112K, reserved 1103872K
  class space    used 5538K, capacity 5835K, committed 5888K, reserved 1048576K
}
Event: 18.488 GC heap after
{Heap after GC invocations=101 (full 0):
 garbage-first heap   total 68608K, used 35631K [0x00000000f0000000, 0x0000000100000000)
  region size 1024K, 2 young (2048K), 2 survivors (2048K)
 Metaspace       used 58347K, capacity 59811K, committed 60112K, reserved 1103872K
  class space    used 5538K, capacity 5835K, committed 5888K, reserved 1048576K
}
Event: 18.682 GC heap before
{Heap before GC invocations=101 (full 0):
 garbage-first heap   total 68608K, used 56111K [0x00000000f0000000, 0x0000000100000000)
  region size 1024K, 22 young (22528K), 2 survivors (2048K)
 Metaspace       used 58383K, capacity 59886K, committed 60112K, reserved 1103872K
  class space    used 5542K, capacity 5836K, committed 5888K, reserved 1048576K
}
Event: 18.685 GC heap after
{Heap after GC invocations=102 (full 0):
 garbage-first heap   total 68608K, used 35808K [0x00000000f0000000, 0x0000000100000000)
  region size 1024K, 2 young (2048K), 2 survivors (2048K)
 Metaspace       used 58383K, capacity 59886K, committed 60112K, reserved 1103872K
  class space    used 5542K, capacity 5836K, committed 5888K, reserved 1048576K
}
Event: 18.895 GC heap before
{Heap before GC invocations=102 (full 0):
 garbage-first heap   total 68608K, used 57312K [0x00000000f0000000, 0x0000000100000000)
  region size 1024K, 23 young (23552K), 2 survivors (2048K)
 Metaspace       used 58499K, capacity 59973K, committed 60112K, reserved 1103872K
  class space    used 5550K, capacity 5840K, committed 5888K, reserved 1048576K
}
Event: 18.898 GC heap after
{Heap after GC invocations=103 (full 0):
 garbage-first heap   total 68608K, used 35834K [0x00000000f0000000, 0x0000000100000000)
  region size 1024K, 2 young (2048K), 2 survivors (2048K)
 Metaspace       used 58499K, capacity 59973K, committed 60112K, reserved 1103872K
  class space    used 5550K, capacity 5840K, committed 5888K, reserved 1048576K
}
Event: 24.258 GC heap before
{Heap before GC invocations=103 (full 0):
 garbage-first heap   total 68608K, used 57338K [0x00000000f0000000, 0x0000000100000000)
  region size 1024K, 23 young (23552K), 2 survivors (2048K)
 Metaspace       used 58704K, capacity 60146K, committed 60368K, reserved 1103872K
  class space    used 5571K, capacity 5850K, committed 5888K, reserved 1048576K
}
Event: 24.261 GC heap after
{Heap after GC invocations=104 (full 0):
 garbage-first heap   total 68608K, used 36057K [0x00000000f0000000, 0x0000000100000000)
  region size 1024K, 2 young (2048K), 2 survivors (2048K)
 Metaspace       used 58704K, capacity 60146K, committed 60368K, reserved 1103872K
  class space    used 5571K, capacity 5850K, committed 5888K, reserved 1048576K
}
Event: 28.371 GC heap before
{Heap before GC invocations=104 (full 0):
 garbage-first heap   total 68608K, used 57561K [0x00000000f0000000, 0x0000000100000000)
  region size 1024K, 23 young (23552K), 2 survivors (2048K)
 Metaspace       used 58942K, capacity 60431K, committed 60624K, reserved 1103872K
  class space    used 5604K, capacity 5872K, committed 5888K, reserved 1048576K
}
Event: 28.375 GC heap after
{Heap after GC invocations=105 (full 0):
 garbage-first heap   total 68608K, used 36290K [0x00000000f0000000, 0x0000000100000000)
  region size 1024K, 2 young (2048K), 2 survivors (2048K)
 Metaspace       used 58942K, capacity 60431K, committed 60624K, reserved 1103872K
  class space    used 5604K, capacity 5872K, committed 5888K, reserved 1048576K
}

